
ASEM-51 V1.3                                         Copyright (c) 2002 by W.W. Heinz                                         PAGE 1





       MCS-51 Family Macro Assembler   A S E M - 5 1   V 1.3
       =====================================================



	Source File:	C:\Users\Ideapad 5 Pro\Downloads\MICRO CEP\244_EEE4705 CEP2.asm
	Object File:	C:\Users\Ideapad 5 Pro\Downloads\MICRO CEP\244_EEE4705 CEP2.hex
	List File:	C:\Users\Ideapad 5 Pro\Downloads\MICRO CEP\244_EEE4705 CEP2.lst



 Line  I  Addr  Code            Source

    1:				;NAME: Shafin Ibnul Mohasin ID: 200021244
    2:		N      0000	      org   0000h
    3:
    4:	  0000	75 B0 00	INIT_ALL:	MOV	P3,#00000000B    ; Clear port 3
    5:	  0003	75 80 FE		MOV P0, #0FEH	        ; Initialize port 0
    6:	  0006	75 30 00		MOV 30H,#0              ; Reset memory location 30H
    7:	  0009	75 32 00		MOV 32H,#0              ; Reset memory location 32H
    8:	  000C	78 00			MOV R0,#0               ; Clear register R0
    9:	  000E	7F 0F			MOV R7, #15             ; Set R7 to 15
   10:	  0010	7D 00			mov r5,#00H             ; Clear register R5
   11:	  0012	85 00 69		MOV 69H,0H              ; Clear memory location 69H
   12:	  0015	C2 A7			CLR P2.7                ; Clear buzzer pin
   13:	  0017	75 90 00		MOV P1, #00000000B      ; Clear port 1
   14:
   15:	  001A			REGISTERS_SETUP:
   16:	  001A	7B 00		MOV R3, #00H                ; Clear register R3
   17:	  001C	79 00		MOV R1, #00H                ; Clear register R1
   18:	  001E	7A 00		MOV R2, #00H                ; Clear register R2
   19:
   20:
   21:
   22:	  0020			PORT_SETUP:
   23:		B      00A1	RS EQU P2.1                 ; Define RS pin for LCD
   24:		B      00A2	EN EQU P2.2                 ; Define EN pin for LCD
   25:
   26:
   27:				;;;;;;;;;;;;;;;;;;;;;;;;;;;;;;;;;;
   28:	  0020			SETUP_LCD:
   29:	  0020	7B 38		MOV R3, #38H                ; Set 8-bit mode, 2 lines
   30:	  0022	51 4C		ACALL SEND_CMD	            ; Send command to LCD
   31:	  0024	7B 0E		MOV R3, #0EH                ; Display on, cursor on
   32:	  0026	51 4C		ACALL SEND_CMD
   33:	  0028	7B 80		MOV R3, #80H                ; Set cursor to first line
   34:	  002A	51 4C		ACALL SEND_CMD
   35:	  002C	7B 01		MOV R3, #01H                ; Clear display
   36:	  002E	51 4C		ACALL SEND_CMD
   37:
   38:
   39:
   40:	  0030	12 02 57	MAIN_SCAN:	LCALL SCAN      ; Scan keypad
   41:	  0033	E8			MOV A,R0                ; Move key value to A
   42:	  0034	60 FA			JZ MAIN_SCAN            ; If zero, keep scanning
   43:

ASEM-51 V1.3                                         Copyright (c) 2002 by W.W. Heinz                                         PAGE 2



 Line  I  Addr  Code            Source

   44:	  0036	F5 40			MOV 40H,A               ; Store first digit
   45:
   46:	  0038	12 03 69		lcall WAIT_KEYRELEASE   ; Delay for key debounce
   47:	  003B	12 02 57	MAIN_SCAN2:	LCALL SCAN      ; Scan keypad for second digit
   48:	  003E	E8			MOV A,R0                ; Move key value to A
   49:	  003F	60 FA			JZ MAIN_SCAN2           ; If zero, keep scanning
   50:
   51:	  0041	F5 44			MOV 44H,A               ; Store second digit
   52:
   53:	  0043	12 03 69		lcall WAIT_KEYRELEASE   ; Delay for key debounce
   54:	  0046	12 02 57	MAIN_SCAN3:	LCALL SCAN      ; Scan keypad for third digit
   55:	  0049	E8			MOV A,R0                ; Move key value to A
   56:	  004A	60 FA			JZ MAIN_SCAN3           ; If zero, keep scanning
   57:
   58:	  004C	F5 53			MOV 53H,A               ; Store third digit
   59:
   60:
   61:	  004E	20 A5 FD	WAIT_START:	JB P2.5, WAIT_START	; Wait until start button pressed
   62:	  0051	53 53 0F		ANL 53H,#00001111B      ; Mask upper nibble (keep only lower 4 bits)
   63:	  0054	53 40 0F		ANL 40H,#00001111B      ; Mask upper nibble
   64:	  0057	53 44 0F		ANL 44H,#00001111B      ; Mask upper nibble
   65:
   66:	  005A	E5 44			MOV A,44H               ; Get second digit
   67:	  005C	F5 F0			MOV B,A                 ; Store in B
   68:	  005E	74 0A			MOV A,#10               ; Multiply by 10
   69:	  0060	A4			MUL AB                  ; Perform multiplication
   70:	  0061	25 53			ADD A,53H               ; Add third digit
   71:	  0063	F5 60			MOV 60H,A               ; Store result in 60H
   72:
   73:
   74:	  0065	E5 40			MOV A,40H               ; Get first digit
   75:	  0067	F5 F0			MOV B,A                 ; Move to B
   76:	  0069	74 64			MOV A,#100              ; Multiply by 100
   77:	  006B	A4			MUL AB                  ; Perform multiplication
   78:	  006C	F5 62			MOV 62H,A               ; Store lower byte
   79:	  006E	E5 F0			MOV A,B                 ; Get upper byte
   80:	  0070	F5 61			MOV 61H,A               ; Store upper byte
   81:	  0072	E5 62			MOV A,62H               ; Get lower byte
   82:	  0074	25 60			ADD A,60H               ; Add previous result
   83:	  0076	F5 62			MOV 62H,A               ; Store new result
   84:	  0078	50 02			JNC THRESHOLD_CHECK     ; Check if no carry
   85:	  007A	05 61			INC 61H                 ; Increment upper byte if carry
   86:
   87:
   88:	  007C	E5 61		THRESHOLD_CHECK:  MOV A,61H      ; Get high byte
   89:	  007E	B4 01 08	        CJNE A,#01H,THRESHOLD_CHECK1  ; Compare with 01H (300 high byte)
   90:	  0081	E5 62		        MOV A,62H                     ; Get low byte
   91:	  0083	B4 2D 08	        CJNE A,#2dH,THRESHOLD_CHECK2  ; Compare with 2DH (300 low byte)
   92:	  0086	02 00 FB	        JMP GREATER_300               ; Exactly 300, treat as > 300
   93:
   94:	  0089	40 08		THRESHOLD_CHECK1: JC  THRESHOLD_CHECK5 ; If high byte < 01H, number is < 300
   95:	  008B	02 00 FB	        JMP GREATER_300                ; If high byte > 01H, number is > 300
   96:
   97:	  008E	40 03		THRESHOLD_CHECK2: JC THRESHOLD_CHECK5  ; If low byte < 2DH, number is < 300
   98:	  0090	02 00 FB	        JMP GREATER_300                ; If low byte > 2DH, number is > 300
   99:

ASEM-51 V1.3                                         Copyright (c) 2002 by W.W. Heinz                                         PAGE 3



 Line  I  Addr  Code            Source

  100:				;;;;;;;;;;;;;;;;;;;;;;;;;;;;;;;;;;;;;;;;;;;;;;;;;;;;;;;;;;;;;;;;;;;;;;;;;;;;;;;;;;;;;;;;;;;;;

  101:	  0093	E5 61		THRESHOLD_CHECK5:  MOV A,61H           ; Get high byte
  102:	  0095	70 35		        JNZ THRESHOLD_60               ; If high byte > 0, number is > 5
  103:	  0097	E5 62		        MOV A,62H                      ; Get low byte
  104:	  0099	B4 05 03	        CJNE A,#05H,CHECK_5_TEMP       ; Compare with 5
  105:	  009C	02 00 CC	        JMP THRESHOLD_60               ; Exactly 5, check next threshold
  106:
  107:	  009F	40 03		CHECK_5_TEMP: JC BELOW_5               ; If < 5, handle separately
  108:	  00A1	02 00 CC	        JMP THRESHOLD_60               ; If > 5, check next threshold
  109:
  110:				;;;;;;;;;;;;;;;;;;;;;;;;;;;;;;;;;;;;;;;;;;;;;;;;;;;;;;;;;;;;;;;;;;;;;;;;;;;;;;;;;;;;;;;;;;;;;;;
  111:
  112:
  113:
  114:	  00A4	90 06 2A	BELOW_5:  MOV DPTR,#BELOW_5_TEXT       ; Load message address
  115:	  00A7	74 00		BELOW_5_LOOP:MOV A,#00H                ; Clear A
  116:	  00A9	93			MOVC A,@A+DPTR                     ; Get character
  117:	  00AA	60 07			JZ TMP_LOOP                        ; If zero, end of string
  118:	  00AC	FB			MOV R3,A                           ; Move to R3
  119:	  00AD	51 41			ACALL DISPLAY_CHAR                 ; Display character
  120:	  00AF	A3			INC DPTR                           ; Next character
  121:	  00B0	02 00 A7		LJMP BELOW_5_LOOP                  ; Continue
  122:
  123:
  124:				;;;;;;;;;;;;;;;;;;;;;;;;;;;;;;;;;;;;;;;;;;;;;;;;;;;;;;;;;;;;;;;;;;;;;;;;
  125:
  126:	  00B3	7B C0		TMP_LOOP  : MOV R3, #0C0H              ; Set cursor to second line
  127:	  00B5	51 4C			ACALL SEND_CMD                     ; Send command
  128:	  00B7	90 06 57		MOV DPTR,#RETRY_TEXT               ; Load retry message
  129:	  00BA	74 00		RETRY_LOOP:MOV A,#00H                  ; Clear A
  130:	  00BC	93			MOVC A,@A+DPTR                     ; Get character
  131:	  00BD	60 07			JZ RETRY_WAIT                      ; If zero, end of string
  132:	  00BF	FB			MOV R3,A                           ; Move to R3
  133:	  00C0	51 41			ACALL DISPLAY_CHAR                 ; Display character
  134:	  00C2	A3			INC DPTR                           ; Next character
  135:	  00C3	02 00 BA		LJMP RETRY_LOOP                    ; Continue
  136:
  137:	  00C6	12 03 5C	RETRY_WAIT:	LCALL LONG_DELAY           ; Wait for a while
  138:	  00C9	02 00 00		Ljmp INIT_ALL                      ; Restart program
  139:
  140:
  141:	  00CC	E5 61		THRESHOLD_60:  MOV A,61H                ; Get high byte
  142:	  00CE	70 0D		        JNZ  ABOVE_60                   ; If high byte > 0, number is > 60
  143:	  00D0	E5 62		        MOV A,62H                       ; Get low byte
  144:	  00D2	B4 3C 03	        CJNE A,#3CH,CHECK_60_TEMP       ; Compare with 60 (3Ch)
  145:	  00D5	02 00 DD	        JMP ABOVE_60                    ; Exactly 60, treat as > 60
  146:
  147:	  00D8	40 12		CHECK_60_TEMP: JC BELOW_60              ; If < 60, handle separately
  148:	  00DA	02 00 DD	        JMP ABOVE_60                    ; If > 60, handle accordingly
  149:
  150:
  151:
  152:	  00DD	90 06 34	ABOVE_60 : MOV DPTR,#ABOVE_60_TEXT      ; Load message address
  153:	  00E0	74 00		ABOVE_60_LOOP:MOV A,#00H                ; Clear A
  154:	  00E2	93			MOVC A,@A+DPTR                      ; Get character

ASEM-51 V1.3                                         Copyright (c) 2002 by W.W. Heinz                                         PAGE 4



 Line  I  Addr  Code            Source

  155:	  00E3	60 25			JZ OVEN_START_2                     ; If zero, end of string
  156:	  00E5	FB			MOV R3,A                            ; Move to R3
  157:	  00E6	51 41			ACALL DISPLAY_CHAR                  ; Display character
  158:	  00E8	A3			INC DPTR                            ; Next character
  159:	  00E9	02 00 E0		LJMP ABOVE_60_LOOP                  ; Continue
  160:
  161:
  162:	  00EC	90 06 3F	BELOW_60 : MOV DPTR,#BELOW_60_TEXT      ; Load message address
  163:	  00EF	74 00		BELOW_60_LOOP:MOV A,#00H                ; Clear A
  164:	  00F1	93			MOVC A,@A+DPTR                      ; Get character
  165:	  00F2	60 29			JZ OVEN_START_1                     ; If zero, end of string
  166:	  00F4	FB			MOV R3,A                            ; Move to R3
  167:	  00F5	51 41			ACALL DISPLAY_CHAR                  ; Display character
  168:	  00F7	A3			INC DPTR                            ; Next character
  169:	  00F8	02 00 EF		LJMP BELOW_60_LOOP                  ; Continue
  170:
  171:
  172:	  00FB	90 06 1E	GREATER_300 : MOV DPTR,#GREATER_300_TEXT ; Load message address
  173:	  00FE	74 00		GREATER_300_LOOP:MOV A,#00H             ; Clear A
  174:	  0100	93			MOVC A,@A+DPTR                      ; Get character
  175:	  0101	60 B0			JZ TMP_LOOP                         ; If zero, goto retry
  176:	  0103	FB			MOV R3,A                            ; Move to R3
  177:	  0104	51 41			ACALL DISPLAY_CHAR                  ; Display character
  178:	  0106	A3			INC DPTR                            ; Next character
  179:	  0107	02 00 FE		LJMP GREATER_300_LOOP               ; Continue
  180:
  181:
  182:	  010A	90 06 11	OVEN_START_2:MOV DPTR,#OVEN_START_TEXT  ; Load oven message
  183:	  010D	7B C0			MOV R3, #0C0H                       ; Set cursor to second line
  184:	  010F	51 4C			ACALL SEND_CMD                      ; Send command
  185:	  0111	74 00		OVEN_START_LOOP2:MOV A,#00H             ; Clear A
  186:	  0113	93			MOVC A,@A+DPTR                      ; Get character
  187:	  0114	60 1A			JZ TIMER_LOOP2                      ; If zero, start timer
  188:	  0116	FB			MOV R3,A                            ; Move to R3
  189:	  0117	51 41			ACALL DISPLAY_CHAR                  ; Display character
  190:	  0119	A3			INC DPTR                            ; Next character
  191:	  011A	02 01 11		LJMP OVEN_START_LOOP2               ; Continue
  192:
  193:
  194:	  011D	90 06 11	OVEN_START_1:MOV DPTR,#OVEN_START_TEXT  ; Load oven message
  195:	  0120	7B C0			MOV R3, #0C0H                       ; Set cursor to second line
  196:	  0122	51 4C			ACALL SEND_CMD                      ; Send command
  197:	  0124	74 00		OVEN_START_LOOP:MOV A,#00H              ; Clear A
  198:	  0126	93			MOVC A,@A+DPTR                      ; Get character
  199:	  0127	60 18			JZ TIMER_LOOP                       ; If zero, start timer
  200:	  0129	FB			MOV R3,A                            ; Move to R3
  201:	  012A	51 41			ACALL DISPLAY_CHAR                  ; Display character
  202:	  012C	A3			INC DPTR                            ; Next character
  203:	  012D	02 01 24		LJMP OVEN_START_LOOP                ; Continue
  204:
  205:	  0130	7E 14		TIMER_LOOP2:MOV 	R6,#20                ; Set counter to 5
  206:				;LCALL DISPLAY_FACT1                    ; Display fact (commented out)
  207:	  0132			TIMER_LOOP2_TEMP:
  208:	  0132	12 03 76		LCALL DELAY_ONE_SEC                 ; Wait one second
  209:	  0135	12 02 02		LCALL DECREMENT_NUMBER              ; Decrement the timer
  210:	  0138	DE F8			DJNZ R6,TIMER_LOOP2_TEMP            ; Loop until R6 is zero

ASEM-51 V1.3                                         Copyright (c) 2002 by W.W. Heinz                                         PAGE 5



 Line  I  Addr  Code            Source

  211:	  013A	12 01 77		LCALL DISPLAY_RANDOM_FACT           ; Display random fact
  212:	  013D	7E 14			MOV 	R6,#20                       ; Reset counter
  213:	  013F	80 F1		        SJMP TIMER_LOOP2_TEMP              ; Continue timer loop
  214:
  215:
  216:	  0141	12 03 5C	TIMER_LOOP: LCALL LONG_DELAY            ; Wait for a while
  217:	  0144	12 01 4F	LCALL DISPLAY_MY_FACT                   ; Display my fact
  218:	  0147	12 03 76	TIMER_LOOP_TEMP:LCALL DELAY_ONE_SEC     ; Wait one second
  219:	  014A	12 02 02		LCALL DECREMENT_NUMBER              ; Decrement the timer
  220:
  221:	  014D	80 F8		        SJMP TIMER_LOOP_TEMP                ; Continue timer loop
  222:
  223:
  224:
  225:	  014F			DISPLAY_MY_FACT:
  226:	  014F	90 06 F9	MOV DPTR,#MY_FACT_TEXT                  ; Load fact message
  227:	  0152	7B 01			MOV R3, #01H                        ; Clear display and home cursor
  228:	  0154	51 4C			ACALL SEND_CMD                      ; Send command
  229:	  0156	74 00		DISPLAY_MY_FACT_LOOP:MOV A,#00H         ; Clear A
  230:	  0158	93			MOVC A,@A+DPTR                      ; Get character
  231:	  0159	60 07			JZ DISPLAY_MY_FACT_END              ; If zero, end of string
  232:	  015B	FB			MOV R3,A                            ; Move to R3
  233:	  015C	51 41			ACALL DISPLAY_CHAR                  ; Display character
  234:	  015E	A3			INC DPTR                            ; Next character
  235:	  015F	02 01 56		LJMP DISPLAY_MY_FACT_LOOP           ; Continue
  236:	  0162			DISPLAY_MY_FACT_END:
  237:	  0162	22		RET                                     ; Return
  238:
  239:
  240:
  241:	  0163			DISPLAY_FACT1:
  242:	  0163	90 06 61	MOV DPTR,#FACT1_TEXT                    ; Load fact 1 message
  243:	  0166	7B 01			MOV R3, #01H                        ; Clear display and home cursor
  244:	  0168	51 4C			ACALL SEND_CMD                      ; Send command
  245:	  016A	74 00		DISPLAY_FACT1_LOOP:MOV A,#00H           ; Clear A
  246:	  016C	93			MOVC A,@A+DPTR                      ; Get character
  247:	  016D	60 07			JZ DISPLAY_FACT1_END                ; If zero, end of string
  248:	  016F	FB			MOV R3,A                            ; Move to R3
  249:	  0170	51 41			ACALL DISPLAY_CHAR                  ; Display character
  250:	  0172	A3			INC DPTR                            ; Next character
  251:	  0173	02 01 6A		LJMP DISPLAY_FACT1_LOOP             ; Continue
  252:	  0176			DISPLAY_FACT1_END:
  253:	  0176	22		RET                                     ; Return
  254:
  255:				;;;;;;;;;;;;;;;;;;;;;;;;;;;;;;;;;;;;;;;;;;;;;;;;;;;;;-----------------------------------------------
				----------------
  256:	  0177			DISPLAY_RANDOM_FACT:
  257:
  258:	  0177	0D		INC R5                                  ; Increment fact counter
  259:	  0178	BD 01 13		CJNE R5,#01H,DISPLAY_FACT2          ; Check if fact 1
  260:	  017B	90 06 70		MOV DPTR,#FACT2_TEXT                ; Load fact 2 message
  261:	  017E	7B 01			MOV R3, #01H                        ; Clear display and home cursor
  262:	  0180	51 4C			ACALL SEND_CMD                      ; Send command
  263:	  0182	74 00		DISPLAY_FACT2_LOOP:MOV A,#00H           ; Clear A
  264:	  0184	93			MOVC A,@A+DPTR                      ; Get character
  265:	  0185	60 7A			JZ DISPLAY_RANDOM_FACT_END          ; If zero, end of string

ASEM-51 V1.3                                         Copyright (c) 2002 by W.W. Heinz                                         PAGE 6



 Line  I  Addr  Code            Source

  266:	  0187	FB			MOV R3,A                            ; Move to R3
  267:	  0188	51 41			ACALL DISPLAY_CHAR                  ; Display character
  268:	  018A	A3			INC DPTR                            ; Next character
  269:	  018B	02 01 82		LJMP DISPLAY_FACT2_LOOP             ; Continue
  270:
  271:	  018E			DISPLAY_FACT2:
  272:	  018E	BD 02 13		CJNE R5,#02H,DISPLAY_FACT3          ; Check if fact 2
  273:	  0191	90 06 7D		MOV DPTR,#FACT3_TEXT                ; Load fact 3 message
  274:	  0194	7B 01			MOV R3, #01H                        ; Clear display and home cursor
  275:	  0196	51 4C			ACALL SEND_CMD                      ; Send command
  276:	  0198	74 00		DISPLAY_FACT3_LOOP:MOV A,#00H           ; Clear A
  277:	  019A	93			MOVC A,@A+DPTR                      ; Get character
  278:	  019B	60 64			JZ DISPLAY_RANDOM_FACT_END          ; If zero, end of string
  279:	  019D	FB			MOV R3,A                            ; Move to R3
  280:	  019E	51 41			ACALL DISPLAY_CHAR                  ; Display character
  281:	  01A0	A3			INC DPTR                            ; Next character
  282:	  01A1	02 01 98		LJMP DISPLAY_FACT3_LOOP             ; Continue
  283:
  284:
  285:	  01A4			DISPLAY_FACT3:
  286:	  01A4	BD 03 13		CJNE R5,#03H,DISPLAY_FACT4          ; Check if fact 3
  287:	  01A7	90 06 89		MOV DPTR,#FACT4_TEXT                ; Load fact 4 message
  288:	  01AA	7B 01			MOV R3, #01H                        ; Clear display and home cursor
  289:	  01AC	51 4C			ACALL SEND_CMD                      ; Send command
  290:	  01AE	74 00		DISPLAY_FACT4_LOOP:MOV A,#00H           ; Clear A
  291:	  01B0	93			MOVC A,@A+DPTR                      ; Get character
  292:	  01B1	60 4E			JZ DISPLAY_RANDOM_FACT_END          ; If zero, end of string
  293:	  01B3	FB			MOV R3,A                            ; Move to R3
  294:	  01B4	51 41			ACALL DISPLAY_CHAR                  ; Display character
  295:	  01B6	A3			INC DPTR                            ; Next character
  296:	  01B7	02 01 AE		LJMP DISPLAY_FACT4_LOOP             ; Continue
  297:
  298:
  299:	  01BA			DISPLAY_FACT4:
  300:	  01BA	BD 04 13		CJNE R5,#04H,DISPLAY_FACT5          ; Check if fact 4
  301:	  01BD	90 06 97		MOV DPTR,#FACT5_TEXT                ; Load fact 5 message
  302:	  01C0	7B 01			MOV R3, #01H                        ; Clear display and home cursor
  303:	  01C2	51 4C			ACALL SEND_CMD                      ; Send command
  304:	  01C4	74 00		DISPLAY_FACT5_LOOP:MOV A,#00H           ; Clear A
  305:	  01C6	93			MOVC A,@A+DPTR                      ; Get character
  306:	  01C7	60 38			JZ DISPLAY_RANDOM_FACT_END          ; If zero, end of string
  307:	  01C9	FB			MOV R3,A                            ; Move to R3
  308:	  01CA	51 41			ACALL DISPLAY_CHAR                  ; Display character
  309:	  01CC	A3			INC DPTR                            ; Next character
  310:	  01CD	02 01 C4		LJMP DISPLAY_FACT5_LOOP             ; Continue
  311:
  312:
  313:	  01D0			DISPLAY_FACT5:
  314:	  01D0	BD 05 13		CJNE R5,#05H,DISPLAY_FACT6          ; Check if fact 5
  315:	  01D3	90 06 A5		MOV DPTR,#FACT6_TEXT                ; Load fact 6 message
  316:	  01D6	7B 01			MOV R3, #01H                        ; Clear display and home cursor
  317:	  01D8	51 4C			ACALL SEND_CMD                      ; Send command
  318:	  01DA	74 00		DISPLAY_FACT6_LOOP:MOV A,#00H           ; Clear A
  319:	  01DC	93			MOVC A,@A+DPTR                      ; Get character
  320:	  01DD	60 22			JZ DISPLAY_RANDOM_FACT_END          ; If zero, end of string
  321:	  01DF	FB			MOV R3,A                            ; Move to R3

ASEM-51 V1.3                                         Copyright (c) 2002 by W.W. Heinz                                         PAGE 7



 Line  I  Addr  Code            Source

  322:	  01E0	51 41			ACALL DISPLAY_CHAR                  ; Display character
  323:	  01E2	A3			INC DPTR                            ; Next character
  324:	  01E3	02 01 DA		LJMP DISPLAY_FACT6_LOOP             ; Continue
  325:
  326:
  327:	  01E6			DISPLAY_FACT6:
  328:	  01E6	BD 06 13		CJNE R5,#06H,RESET_FACT_COUNTER     ; Check if fact 6
  329:	  01E9	90 06 B5		MOV DPTR,#FACT7_TEXT                ; Load fact 7 message
  330:	  01EC	7B 01			MOV R3, #01H                        ; Clear display and home cursor
  331:	  01EE	51 4C			ACALL SEND_CMD                      ; Send command
  332:	  01F0	74 00		DISPLAY_FACT7_LOOP:MOV A,#00H           ; Clear A
  333:	  01F2	93			MOVC A,@A+DPTR                      ; Get character
  334:	  01F3	60 0C			JZ DISPLAY_RANDOM_FACT_END          ; If zero, end of string
  335:	  01F5	FB			MOV R3,A                            ; Move to R3
  336:	  01F6	51 41			ACALL DISPLAY_CHAR                  ; Display character
  337:	  01F8	A3			INC DPTR                            ; Next character
  338:	  01F9	02 01 F0		LJMP DISPLAY_FACT7_LOOP             ; Continue
  339:
  340:
  341:	  01FC	7D 00		RESET_FACT_COUNTER: MOV R5,#0H          ; Reset fact counter to 0
  342:	  01FE	02 01 77		LJMP DISPLAY_RANDOM_FACT            ; Go back to display first fact
  343:
  344:
  345:	  0201			DISPLAY_RANDOM_FACT_END:
  346:	  0201	22		RET	                                     ; Return from subroutine
  347:				;;;;;;;;;;;;;;;;;;;;;;;;;;;;;;;;;;;;;;;;;;;;;;;;;;;;;;;;;;;;;;--------------------------------------
				--
  348:	  0202			DECREMENT_NUMBER:
  349:	  0202	15 53		       DEC 53H                          ; Decrement units digit
  350:	  0204	E5 53		        MOV A, 53H                      ; Move to accumulator
  351:
  352:	  0206	B4 FF 17	        CJNE A, #11111111B, CONTINUE_TIMER  ; Check if underflow
  353:
  354:				        ; Reset units digit and decrement tens digit
  355:	  0209	75 53 09	        MOV 53H, #9                     ; Reset to 9
  356:	  020C	15 44		        DEC 44H                         ; Decrement tens digit
  357:	  020E	E5 44		        MOV A, 44H                      ; Move to accumulator
  358:
  359:	  0210	B4 FF 0D	        CJNE A, #11111111B, CONTINUE_TIMER  ; Check if underflow
  360:
  361:				        ; Reset tens digit and decrement hundreds digit
  362:	  0213	75 44 09	        MOV 44H, #9                     ; Reset to 9
  363:	  0216	15 40		        DEC 40H                         ; Decrement hundreds digit
  364:	  0218	E5 40		        MOV A, 40H                      ; Move to accumulator
  365:
  366:	  021A	B4 FF 03	        CJNE A, #11111111B, CONTINUE_TIMER  ; Check if underflow
  367:
  368:	  021D	02 02 21	        LJMP TIMER_FINISHED             ; Timer has reached zero
  369:
  370:	  0220			CONTINUE_TIMER:
  371:	  0220	22		RET                                     ; Return from subroutine
  372:
  373:				;;;;;;;;;;;;;;;;;;;;;;;;;;;;;;;;;;;;;;;;;
  374:	  0221			TIMER_FINISHED:
  375:	  0221	7B 01			MOV R3, #01H                        ; Clear display and home cursor
  376:	  0223	51 4C			ACALL SEND_CMD                      ; Send command

ASEM-51 V1.3                                         Copyright (c) 2002 by W.W. Heinz                                         PAGE 8



 Line  I  Addr  Code            Source

  377:	  0225	90 06 4A		MOV DPTR,#FINISHED_TEXT             ; Load finished message
  378:	  0228	74 00		FINISHED_LOOP:MOV A,#00H                ; Clear A
  379:	  022A	93			MOVC A,@A+DPTR                      ; Get character
  380:	  022B	60 07			JZ ACTIVATE_BUZZER                  ; If zero, end of string
  381:	  022D	FB			MOV R3,A                            ; Move to R3
  382:	  022E	51 41			ACALL DISPLAY_CHAR                  ; Display character
  383:	  0230	A3			INC DPTR                            ; Next character
  384:	  0231	02 02 28		LJMP FINISHED_LOOP                  ; Continue
  385:
  386:	  0234	D2 A7		ACTIVATE_BUZZER: SETB P2.7              ; Turn on buzzer
  387:	  0236	12 03 5C	LCALL LONG_DELAY                        ; Wait for a while
  388:	  0239	C2 A7		CLR P2.7                                ; Turn off buzzer
  389:
  390:	  023B	20 A6 FD	WAIT_RESTART:JB P2.6, WAIT_RESTART      ; Wait for restart button
  391:	  023E	02 00 00		LJMP INIT_ALL                       ; Reset system
  392:
  393:				;;;;;;;;;;;;;;;;;;;;;;;;;;;;;;;;;;;;;;;;;
  394:
  395:
  396:				;;;;;;;;;;;;;;;;;;;;;;;;;;;;;;;;;;
  397:	  0241			DISPLAY_CHAR:
  398:	  0241	8B 90		MOV P1, R3                              ; Move character data to P1
  399:	  0243	D2 A1		SETB RS                                 ; Select data register
  400:	  0245	D2 A2		SETB EN                                 ; Enable high
  401:	  0247	C2 A2		CLR EN                                  ; Enable low (latch data)
  402:	  0249	71 53		ACALL DELAY                             ; Wait for LCD to process
  403:	  024B	22		RET                                     ; Return from subroutine
  404:
  405:				;;;;;;;;;;;;;;;;;;;;;;;;;;;;;;;;;;
  406:	  024C			SEND_CMD:
  407:	  024C	8B 90		MOV P1, R3                              ; Move command data to P1
  408:	  024E	C2 A1		CLR RS                                  ; Select command register
  409:	  0250	D2 A2		SETB EN                                 ; Enable high
  410:	  0252	C2 A2		CLR EN                                  ; Enable low (latch command)
  411:	  0254	71 53		ACALL DELAY                             ; Wait for LCD to process
  412:	  0256	22		RET                                     ; Return from subroutine
  413:
  414:				;;;;;;;;;;;;;;;;;;;;;;;;;;;;;;;;;;
  415:
  416:
  417:	  0257			SCAN:
  418:	  0257			KEY_LOOP:
  419:	  0257	30 80 0B		JNB 	P0.0, COL1                  ; Check if column 1 is active
  420:	  025A	30 81 1A		JNB 	P0.1, COL2                  ; Check if column 2 is active
  421:	  025D	30 82 29		JNB 	P0.2, COL3                  ; Check if column 3 is active
  422:	  0260	30 83 38		JNB 	P0.3, COL4                  ; Check if column 4 is active
  423:	  0263	80 49			SJMP 	EXIT_SCAN                   ; No key pressed, exit
  424:	  0265			COL1:
  425:	  0265	30 84 5E		JNB 	P0.4, NUMBER_1              ; Check for key 1
  426:	  0268	30 85 6A		JNB 	P0.5, NUMBER_4              ; Check for key 4
  427:	  026B	30 86 76		JNB 	P0.6, NUMBER_7              ; Check for key 7
  428:	  026E	30 87 4D		JNB 	P0.7, JUMP_F                ; Check for key F
  429:	  0271	D2 80			SETB 	P0.0                        ; Reset column 1
  430:	  0273	C2 81			CLR 	P0.1                        ; Select column 2
  431:	  0275	80 37			SJMP 	EXIT_SCAN                   ; Exit scan
  432:	  0277			COL2:

ASEM-51 V1.3                                         Copyright (c) 2002 by W.W. Heinz                                         PAGE 9



 Line  I  Addr  Code            Source

  433:	  0277	30 84 51		JNB 	P0.4, NUMBER_2              ; Check for key 2
  434:	  027A	30 85 5D		JNB 	P0.5, NUMBER_5              ; Check for key 5
  435:	  027D	30 86 69		JNB 	P0.6, NUMBER_8              ; Check for key 8
  436:	  0280	30 87 3E		JNB 	P0.7, NUMBER_0              ; Check for key 0
  437:	  0283	D2 81			SETB 	P0.1                        ; Reset column 2
  438:	  0285	C2 82			CLR 	P0.2                        ; Select column 3
  439:	  0287	80 25			SJMP 	EXIT_SCAN                   ; Exit scan
  440:	  0289			COL3:
  441:	  0289	30 84 44		JNB 	P0.4, NUMBER_3              ; Check for key 3
  442:	  028C	30 85 50		JNB 	P0.5, NUMBER_6              ; Check for key 6
  443:	  028F	30 86 5C		JNB 	P0.6, NUMBER_9              ; Check for key 9
  444:	  0292	30 87 26		JNB 	P0.7, JUMP_E                ; Check for key E
  445:	  0295	D2 82			SETB 	P0.2                        ; Reset column 3
  446:	  0297	C2 83			CLR 	P0.3                        ; Select column 4
  447:	  0299	80 13			SJMP 	EXIT_SCAN                   ; Exit scan
  448:	  029B			COL4:
  449:	  029B	30 84 55		JNB 	P0.4, NUMBER_A              ; Check for key A
  450:	  029E	30 85 57		JNB 	P0.5, NUMBER_B              ; Check for key B
  451:	  02A1	30 86 59		JNB 	P0.6, NUMBER_C              ; Check for key C
  452:	  02A4	30 87 11		JNB 	P0.7, JUMP_D                ; Check for key D
  453:	  02A7	D2 83			SETB 	P0.3                        ; Reset column 4
  454:	  02A9	C2 80			CLR 	P0.0                        ; Select column 1
  455:	  02AB	02 02 AE		LJMP 	EXIT_SCAN                   ; Exit scan
  456:	  02AE			EXIT_SCAN:
  457:	  02AE	22			RET                                 ; Return from subroutine
  458:
  459:
  460:	  02AF	02 02 F3	JUMP_A: LJMP NUMBER_A                   ; Jump to key A handler
  461:	  02B2	02 02 F8	JUMP_B: LJMP NUMBER_B                   ; Jump to key B handler
  462:	  02B5	02 02 FD	JUMP_C: LJMP NUMBER_C                   ; Jump to key C handler
  463:	  02B8	02 03 02	JUMP_D: LJMP NUMBER_D                   ; Jump to key D handler
  464:	  02BB	02 03 07	JUMP_E: LJMP NUMBER_E                   ; Jump to key E handler
  465:	  02BE	02 03 0C	JUMP_F: LJMP NUMBER_F                   ; Jump to key F handler
  466:
  467:
  468:	  02C1			NUMBER_0:
  469:	  02C1	78 10			MOV 	R0, #16D                    ; Store key value 0
  470:	  02C3	02 02 57		LJMP 	KEY_LOOP                    ; Return to scanning
  471:	  02C6			NUMBER_1:
  472:	  02C6	78 01			MOV 	R0, #1D                     ; Store key value 1
  473:	  02C8	02 02 57		LJMP 	KEY_LOOP                    ; Return to scanning
  474:	  02CB			NUMBER_2:
  475:	  02CB	78 02			MOV 	R0, #2D                     ; Store key value 2
  476:	  02CD	02 02 57		LJMP 	KEY_LOOP                    ; Return to scanning
  477:	  02D0			NUMBER_3:
  478:	  02D0	78 03			MOV 	R0, #3D                     ; Store key value 3
  479:	  02D2	02 02 57		LJMP 	KEY_LOOP                    ; Return to scanning
  480:	  02D5			NUMBER_4:
  481:	  02D5	78 04			MOV 	R0, #4D                     ; Store key value 4
  482:	  02D7	02 02 57		LJMP 	KEY_LOOP                    ; Return to scanning
  483:	  02DA			NUMBER_5:
  484:	  02DA	78 05			MOV 	R0, #5D                     ; Store key value 5
  485:	  02DC	02 02 57		LJMP 	KEY_LOOP                    ; Return to scanning
  486:	  02DF			NUMBER_6:
  487:	  02DF	78 06			MOV 	R0, #6D                     ; Store key value 6
  488:	  02E1	02 02 57		LJMP 	KEY_LOOP                    ; Return to scanning

ASEM-51 V1.3                                        Copyright (c) 2002 by W.W. Heinz                                         PAGE 10



 Line  I  Addr  Code            Source

  489:	  02E4			NUMBER_7:
  490:	  02E4	78 07			MOV 	R0, #7D                     ; Store key value 7
  491:	  02E6	02 02 57		LJMP 	KEY_LOOP                    ; Return to scanning
  492:	  02E9			NUMBER_8:
  493:	  02E9	78 08			MOV 	R0, #8D                     ; Store key value 8
  494:	  02EB	02 02 57		LJMP 	KEY_LOOP                    ; Return to scanning
  495:	  02EE			NUMBER_9:
  496:	  02EE	78 09			MOV 	R0, #9D                     ; Store key value 9
  497:	  02F0	02 02 57		LJMP 	KEY_LOOP                    ; Return to scanning
  498:	  02F3			NUMBER_A:
  499:	  02F3	78 0A			MOV R0, #10                         ; Store key value A
  500:	  02F5	02 02 57		LJMP KEY_LOOP                       ; Return to scanning
  501:	  02F8			NUMBER_B:
  502:	  02F8	78 0B			MOV R0, #11                         ; Store key value B
  503:	  02FA	02 02 57		LJMP KEY_LOOP                       ; Return to scanning
  504:	  02FD			NUMBER_C:
  505:	  02FD	78 0C			MOV R0, #12                         ; Store key value C
  506:	  02FF	02 02 57		LJMP KEY_LOOP                       ; Return to scanning
  507:	  0302			NUMBER_D:
  508:	  0302	78 0D			MOV R0, #13                         ; Store key value D
  509:	  0304	02 02 57		LJMP KEY_LOOP                       ; Return to scanning
  510:	  0307			NUMBER_E:
  511:	  0307	78 0E			MOV R0, #14                         ; Store key value E
  512:	  0309	02 02 57		LJMP KEY_LOOP                       ; Return to scanning
  513:	  030C			NUMBER_F:
  514:	  030C	78 0F			MOV R0, #15                         ; Store key value F
  515:	  030E	02 02 57		LJMP KEY_LOOP                       ; Return to scanning
  516:
  517:
  518:	  0311	C2 A0		SHOW_DIGIT1: CLR P2.0                   ; Select first digit
  519:					;MOV A,30H
  520:					;JNZ DISP1DONE
  521:
  522:	  0313	E5 40			MOV	A,40h                           ; Get hundreds digit
  523:	  0315	90 06 00		mov 	dptr,#SEGMENT_PATTERNS       ; Load segment pattern table
  524:	  0318	93			movc 	A,@a+dptr                   ; Get pattern for digit
  525:	  0319	F5 B0			mov 	P3,A                        ; Output to display
  526:	  031B	12 03 4A		LCALL	SHORT_DELAY                 ; Small delay
  527:	  031E	75 B0 00		MOV P3,#00H                        ; Turn off segments
  528:	  0321	D2 A0			SETB P2.0                          ; Deselect display
  529:	  0323	22			RET                                ; Return from subroutine
  530:
  531:	  0324	C2 A3		SHOW_DIGIT2: CLR P2.3                   ; Select second digit
  532:					;MOV A,30H
  533:					;JNZ DISP1DONE
  534:
  535:	  0326	E5 44			MOV	A,44h                           ; Get tens digit
  536:	  0328	90 06 00		mov 	dptr,#SEGMENT_PATTERNS       ; Load segment pattern table
  537:	  032B	93			movc 	A,@a+dptr                   ; Get pattern for digit
  538:	  032C	F5 B0			mov 	P3,A                        ; Output to display
  539:	  032E	12 03 4A		LCALL	SHORT_DELAY                 ; Small delay
  540:	  0331	75 B0 00		MOV P3,#00H                        ; Turn off segments
  541:
  542:	  0334	D2 A3			SETB P2.3                          ; Deselect display
  543:	  0336	22			RET                                ; Return from subroutine
  544:

ASEM-51 V1.3                                        Copyright (c) 2002 by W.W. Heinz                                         PAGE 11



 Line  I  Addr  Code            Source

  545:
  546:	  0337	C2 A4		SHOW_DIGIT3: CLR P2.4                   ; Select third digit
  547:					;MOV A,30H
  548:					;JNZ DISP1DONE
  549:
  550:	  0339	E5 53			MOV	A,53h                           ; Get units digit
  551:	  033B	90 06 00		mov 	dptr,#SEGMENT_PATTERNS       ; Load segment pattern table
  552:	  033E	93			movc 	A,@a+dptr                   ; Get pattern for digit
  553:	  033F	F5 B0			mov 	P3,A                        ; Output to display
  554:	  0341	12 03 4A		LCALL	SHORT_DELAY                 ; Small delay
  555:	  0344	75 B0 00		MOV P3,#00H                        ; Turn off segments
  556:
  557:	  0347	D2 A4			SETB P2.4                          ; Deselect display
  558:	  0349	22			RET                                ; Return from subroutine
  559:
  560:				;;;;;;;;;;;;;;;;;;;;;;;;;;;;;;;;;;
  561:	  034A	79 0A		SHORT_DELAY:	MOV	R1, #10	           ; Short delay routine
  562:	  034C	7A FF		HERE2:	MOV	R2, #255	               ; Inner loop count
  563:	  034E	DA FE		HERE:	DJNZ	R2, HERE	           ; Decrement inner loop
  564:	  0350	D9 FA			DJNZ 	R1, HERE2                  ; Decrement outer loop
  565:	  0352	22			RET                                ; Return from subroutine
  566:
  567:
  568:	  0353	79 32		DELAY:	MOV	R1, #50	                   ; Medium delay routine
  569:	  0355	7A FF		HER2:	MOV	R2, #255	               ; Inner loop count
  570:	  0357	DA FE		HER:	DJNZ	R2, HER	               ; Decrement inner loop
  571:	  0359	D9 FA			DJNZ 	R1, HER2                   ; Decrement outer loop
  572:	  035B	22			RET                                ; Return from subroutine
  573:
  574:	  035C	78 0A		LONG_DELAY:  MOV R0, #10                ; Long delay routine
  575:	  035E	79 FF		HE3:     MOV R1, #255                   ; Outer loop count
  576:	  0360	7A FF		HE2:     MOV R2, #255                   ; Middle loop count
  577:	  0362	DA FE		HE:      DJNZ R2, HE                    ; Decrement inner loop
  578:	  0364	D9 FA		         DJNZ R1, HE2                   ; Decrement middle loop
  579:	  0366	D8 F6		         DJNZ R0, HE3                   ; Decrement outer loop
  580:	  0368	22		         RET                            ; Return from subroutine
  581:
  582:	  0369	78 05		WAIT_KEYRELEASE:  MOV R0, #5            ; Key debounce delay
  583:	  036B	79 FF		sHE3:     MOV R1, #255                  ; Outer loop count
  584:	  036D	7A FF		sHE2:     MOV R2, #255                  ; Middle loop count
  585:	  036F	DA FE		sHE:      DJNZ R2, sHE                  ; Decrement inner loop
  586:	  0371	D9 FA		         DJNZ R1, sHE2                  ; Decrement middle loop
  587:	  0373	D8 F6		         DJNZ R0, sHE3                  ; Decrement outer loop
  588:	  0375	22		         RET                            ; Return from subroutine
  589:
  590:	  0376			DELAY_ONE_SEC:
  591:	  0376	C2 8C		    CLR TR0                             ; Stop Timer 0
  592:	  0378	C2 8D		    CLR TF0                             ; Clear Timer 0 overflow flag
  593:	  037A	75 89 01	    MOV TMOD, #01H                      ; Timer 0 in 16-bit mode
  594:
  595:	  037D	75 8C 3C	    MOV TH0, #3CH                       ; High byte of initial value
  596:	  0380	75 8A 98	    MOV TL0, #98H                       ; Low byte of initial value
  597:	  0383	D2 8C		    SETB TR0                            ; Start Timer 0
  598:
  599:	  0385	12 03 11	WAIT_TIMER:LCALL SHOW_DIGIT1            ; Display first digit
  600:	  0388	12 03 24		LCALL SHOW_DIGIT2                   ; Display second digit

ASEM-51 V1.3                                        Copyright (c) 2002 by W.W. Heinz                                         PAGE 12



 Line  I  Addr  Code            Source

  601:	  038B	12 03 37	        LCALL SHOW_DIGIT3               ; Display third digit
  602:	  038E	30 8D F4	    JNB TF0, WAIT_TIMER                 ; Wait for timer overflow
  603:	  0391	C2 8C		    CLR TR0                             ; Stop Timer 0
  604:	  0393	C2 8D		    CLR TF0                             ; Clear overflow flag
  605:	  0395	DF DF		    DJNZ R7, DELAY_ONE_SEC              ; Decrement R7 and loop if not zero
  606:	  0397	7F 0F		    MOV R7, #15                         ; Reset counter
  607:				    ;SJMP DELAY_LOOP                    ; (Commented out)
  608:	  0399	22		RET                                     ; Return from subroutine
  609:
  610:		N      0600	org  600h
  611:				;00111001B
  612:	  0600	3F 06 5B 4F	SEGMENT_PATTERNS:	DB 3FH,06H,05BH,04FH,066H,06DH, 07DH,07H,07FH,06FH, 077H,07CH,039H,05EH,079H
	  0604	66 6D 7D 07	,071H,3FH
	  0608	7F 6F 77 7C
	  060C	39 5E 79 71
	  0610	3F
  613:
  614:	  0611	4F 56 45 4E	OVEN_START_TEXT: DB "OVEN STARTED",0
	  0615	20 53 54 41
	  0619	52 54 45 44
	  061D	00
  615:
  616:	  061E	56 41 4C 55	GREATER_300_TEXT: DB "VALUE > 300",0
	  0622	45 20 3E 20
	  0626	33 30 30 00
  617:
  618:	  062A	56 41 4C 55	BELOW_5_TEXT: DB "VALUE < 5",0
	  062E	45 20 3C 20
	  0632	35 00
  619:
  620:	  0634	56 41 4C 55	ABOVE_60_TEXT: DB "VALUE > 60",0
	  0638	45 20 3E 20
	  063C	36 30 00
  621:
  622:	  063F	56 41 4C 55	BELOW_60_TEXT: DB "VALUE < 60",0
	  0643	45 20 3C 20
	  0647	36 30 00
  623:	  064A	4F 56 45 4E	FINISHED_TEXT: DB "OVEN STOPPED",0
	  064E	20 53 54 4F
	  0652	50 50 45 44
	  0656	00
  624:	  0657	54 52 59 20	RETRY_TEXT: DB "TRY AGAIN",0
	  065B	41 47 41 49
	  065F	4E 00
  625:	  0661	43 61 74 73	FACT1_TEXT: DB "Cats love naps",0
	  0665	20 6C 6F 76
	  0669	65 20 6E 61
	  066D	70 73 00
  626:	  0670	43 74 72 6C	FACT2_TEXT: DB "Ctrl+Z saves",0
	  0674	2B 5A 20 73
	  0678	61 76 65 73
	  067C	00
  627:	  067D	44 43 20 3E	FACT3_TEXT: DB "DC > MARVEL",0
	  0681	20 4D 41 52
	  0685	56 45 4C 00
  628:	  0689	56 52 20 66	FACT4_TEXT: DB "VR feels real",0

ASEM-51 V1.3                                        Copyright (c) 2002 by W.W. Heinz                                         PAGE 13



 Line  I  Addr  Code            Source

	  068D	65 65 6C 73
	  0691	20 72 65 61
	  0695	6C 00
  629:	  0697	4C 69 6E 75	FACT5_TEXT: DB "Linux is free",0
	  069B	78 20 69 73
	  069F	20 66 72 65
	  06A3	65 00
  630:	  06A5	44 61 72 6B	FACT6_TEXT: DB "Dark mode saves",0
	  06A9	20 6D 6F 64
	  06AD	65 20 73 61
	  06B1	76 65 73 00
  631:	  06B5	49 55 54 20	FACT7_TEXT: DB "IUT food great",0
	  06B9	66 6F 6F 64
	  06BD	20 67 72 65
	  06C1	61 74 00
  632:	  06C4	46 72 6F 67	FACT8_TEXT: DB "Frogs freeze",0
	  06C8	73 20 66 72
	  06CC	65 65 7A 65
	  06D0	00
  633:	  06D1	44 43 20 3E	FACT9_TEXT: DB "DC > MARVEL",0
	  06D5	20 4D 41 52
	  06D9	56 45 4C 00
  634:	  06DD	43 6C 6F 63	FACT10_TEXT: DB "Clock ticking",0
	  06E1	6B 20 74 69
	  06E5	63 6B 69 6E
	  06E9	67 00
  635:	  06EB	42 61 74 6D	FACT11_TEXT: DB "Batman = goat",0
	  06EF	61 6E 20 3D
	  06F3	20 67 6F 61
	  06F7	74 00
  636:
  637:	  06F9	53 48 41 46	MY_FACT_TEXT: DB "SHAFIN FOUND ME",0
	  06FD	49 4E 20 46
	  0701	4F 55 4E 44
	  0705	20 4D 45 00
  638:
  639:				      END





                     register banks used:  ---

                     no errors




ASEM-51 V1.3                                        Copyright (c) 2002 by W.W. Heinz                                         PAGE 14





	       L I S T   O F   S Y M B O L S
	       =============================


SYMBOL				  TYPE     VALUE	LINE
------------------------------------------------------------
??ASEM_51			  NUMBER    8051
??VERSION			  NUMBER    0130
ABOVE_60			  CODE	    00DD	 152
ABOVE_60_LOOP			  CODE	    00E0	 153
ABOVE_60_TEXT			  CODE	    0634	 620
AC				  BIT	      D6
ACC				  DATA	      E0
ACTIVATE_BUZZER			  CODE	    0234	 386
B				  DATA	      F0
BELOW_5				  CODE	    00A4	 114
BELOW_5_LOOP			  CODE	    00A7	 115
BELOW_5_TEXT			  CODE	    062A	 618
BELOW_60			  CODE	    00EC	 162
BELOW_60_LOOP			  CODE	    00EF	 163
BELOW_60_TEXT			  CODE	    063F	 622
CHECK_5_TEMP			  CODE	    009F	 107
CHECK_60_TEMP			  CODE	    00D8	 147
COL1				  CODE	    0265	 424
COL2				  CODE	    0277	 432
COL3				  CODE	    0289	 440
COL4				  CODE	    029B	 448
CONTINUE_TIMER			  CODE	    0220	 370
CY				  BIT	      D7
DECREMENT_NUMBER		  CODE	    0202	 348
DELAY				  CODE	    0353	 568
DELAY_ONE_SEC			  CODE	    0376	 590
DISPLAY_CHAR			  CODE	    0241	 397
DISPLAY_FACT1			  CODE	    0163	 241
DISPLAY_FACT1_END		  CODE	    0176	 252
DISPLAY_FACT1_LOOP		  CODE	    016A	 245
DISPLAY_FACT2			  CODE	    018E	 271
DISPLAY_FACT2_LOOP		  CODE	    0182	 263
DISPLAY_FACT3			  CODE	    01A4	 285
DISPLAY_FACT3_LOOP		  CODE	    0198	 276
DISPLAY_FACT4			  CODE	    01BA	 299
DISPLAY_FACT4_LOOP		  CODE	    01AE	 290
DISPLAY_FACT5			  CODE	    01D0	 313
DISPLAY_FACT5_LOOP		  CODE	    01C4	 304
DISPLAY_FACT6			  CODE	    01E6	 327
DISPLAY_FACT6_LOOP		  CODE	    01DA	 318
DISPLAY_FACT7_LOOP		  CODE	    01F0	 332
DISPLAY_MY_FACT			  CODE	    014F	 225
DISPLAY_MY_FACT_END		  CODE	    0162	 236
DISPLAY_MY_FACT_LOOP		  CODE	    0156	 229
DISPLAY_RANDOM_FACT		  CODE	    0177	 256
DISPLAY_RANDOM_FACT_END		  CODE	    0201	 345
DPH				  DATA	      83
DPL				  DATA	      82
EA				  BIT	      AF
EN				  NUMBER    00A2	  24

ASEM-51 V1.3                                        Copyright (c) 2002 by W.W. Heinz                                         PAGE 15



SYMBOL				  TYPE     VALUE	LINE
------------------------------------------------------------
ES				  BIT	      AC
ET0				  BIT	      A9
ET1				  BIT	      AB
EX0				  BIT	      A8
EX1				  BIT	      AA
EXIT_SCAN			  CODE	    02AE	 456
EXTI0				  CODE	    0003
EXTI1				  CODE	    0013
F0				  BIT	      D5
FACT10_TEXT			  CODE	    06DD	 634
FACT11_TEXT			  CODE	    06EB	 635
FACT1_TEXT			  CODE	    0661	 625
FACT2_TEXT			  CODE	    0670	 626
FACT3_TEXT			  CODE	    067D	 627
FACT4_TEXT			  CODE	    0689	 628
FACT5_TEXT			  CODE	    0697	 629
FACT6_TEXT			  CODE	    06A5	 630
FACT7_TEXT			  CODE	    06B5	 631
FACT8_TEXT			  CODE	    06C4	 632
FACT9_TEXT			  CODE	    06D1	 633
FINISHED_LOOP			  CODE	    0228	 378
FINISHED_TEXT			  CODE	    064A	 623
GREATER_300			  CODE	    00FB	 172
GREATER_300_LOOP		  CODE	    00FE	 173
GREATER_300_TEXT		  CODE	    061E	 616
HE				  CODE	    0362	 577
HE2				  CODE	    0360	 576
HE3				  CODE	    035E	 575
HER				  CODE	    0357	 570
HER2				  CODE	    0355	 569
HERE				  CODE	    034E	 563
HERE2				  CODE	    034C	 562
IE				  DATA	      A8
IE0				  BIT	      89
IE1				  BIT	      8B
INIT_ALL			  CODE	    0000	   4
INT0				  BIT	      B2
INT1				  BIT	      B3
IP				  DATA	      B8
IT0				  BIT	      88
IT1				  BIT	      8A
JUMP_A				  CODE	    02AF	 460
JUMP_B				  CODE	    02B2	 461
JUMP_C				  CODE	    02B5	 462
JUMP_D				  CODE	    02B8	 463
JUMP_E				  CODE	    02BB	 464
JUMP_F				  CODE	    02BE	 465
KEY_LOOP			  CODE	    0257	 418
LONG_DELAY			  CODE	    035C	 574
MAIN_SCAN			  CODE	    0030	  40
MAIN_SCAN2			  CODE	    003B	  47
MAIN_SCAN3			  CODE	    0046	  54
MY_FACT_TEXT			  CODE	    06F9	 637
NUMBER_0			  CODE	    02C1	 468
NUMBER_1			  CODE	    02C6	 471
NUMBER_2			  CODE	    02CB	 474

ASEM-51 V1.3                                        Copyright (c) 2002 by W.W. Heinz                                         PAGE 16



SYMBOL				  TYPE     VALUE	LINE
------------------------------------------------------------
NUMBER_3			  CODE	    02D0	 477
NUMBER_4			  CODE	    02D5	 480
NUMBER_5			  CODE	    02DA	 483
NUMBER_6			  CODE	    02DF	 486
NUMBER_7			  CODE	    02E4	 489
NUMBER_8			  CODE	    02E9	 492
NUMBER_9			  CODE	    02EE	 495
NUMBER_A			  CODE	    02F3	 498
NUMBER_B			  CODE	    02F8	 501
NUMBER_C			  CODE	    02FD	 504
NUMBER_D			  CODE	    0302	 507
NUMBER_E			  CODE	    0307	 510
NUMBER_F			  CODE	    030C	 513
OV				  BIT	      D2
OVEN_START_1			  CODE	    011D	 194
OVEN_START_2			  CODE	    010A	 182
OVEN_START_LOOP			  CODE	    0124	 197
OVEN_START_LOOP2		  CODE	    0111	 185
OVEN_START_TEXT			  CODE	    0611	 614
P				  BIT	      D0
P0				  DATA	      80
P1				  DATA	      90
P2				  DATA	      A0
P3				  DATA	      B0
PCON				  DATA	      87
PORT_SETUP			  CODE	    0020	  22
PS				  BIT	      BC
PSW				  DATA	      D0
PT0				  BIT	      B9
PT1				  BIT	      BB
PX0				  BIT	      B8
PX1				  BIT	      BA
RB8				  BIT	      9A
RD				  BIT	      B7
REGISTERS_SETUP			  CODE	    001A	  15
REN				  BIT	      9C
RESET				  CODE	    0000
RESET_FACT_COUNTER		  CODE	    01FC	 341
RETRY_LOOP			  CODE	    00BA	 129
RETRY_TEXT			  CODE	    0657	 624
RETRY_WAIT			  CODE	    00C6	 137
RI				  BIT	      98
RS				  NUMBER    00A1	  23
RS0				  BIT	      D3
RS1				  BIT	      D4
RXD				  BIT	      B0
SBUF				  DATA	      99
SCAN				  CODE	    0257	 417
SCON				  DATA	      98
SEGMENT_PATTERNS		  CODE	    0600	 612
SEND_CMD			  CODE	    024C	 406
SETUP_LCD			  CODE	    0020	  28
SHE				  CODE	    036F	 585
SHE2				  CODE	    036D	 584
SHE3				  CODE	    036B	 583
SHORT_DELAY			  CODE	    034A	 561

ASEM-51 V1.3                                        Copyright (c) 2002 by W.W. Heinz                                         PAGE 17



SYMBOL				  TYPE     VALUE	LINE
------------------------------------------------------------
SHOW_DIGIT1			  CODE	    0311	 518
SHOW_DIGIT2			  CODE	    0324	 531
SHOW_DIGIT3			  CODE	    0337	 546
SINT				  CODE	    0023
SM0				  BIT	      9F
SM1				  BIT	      9E
SM2				  BIT	      9D
SP				  DATA	      81
T0				  BIT	      B4
T1				  BIT	      B5
TB8				  BIT	      9B
TCON				  DATA	      88
TF0				  BIT	      8D
TF1				  BIT	      8F
TH0				  DATA	      8C
TH1				  DATA	      8D
THRESHOLD_60			  CODE	    00CC	 141
THRESHOLD_CHECK			  CODE	    007C	  88
THRESHOLD_CHECK1		  CODE	    0089	  94
THRESHOLD_CHECK2		  CODE	    008E	  97
THRESHOLD_CHECK5		  CODE	    0093	 101
TI				  BIT	      99
TIMER0				  CODE	    000B
TIMER1				  CODE	    001B
TIMER_FINISHED			  CODE	    0221	 374
TIMER_LOOP			  CODE	    0141	 216
TIMER_LOOP2			  CODE	    0130	 205
TIMER_LOOP2_TEMP		  CODE	    0132	 207
TIMER_LOOP_TEMP			  CODE	    0147	 218
TL0				  DATA	      8A
TL1				  DATA	      8B
TMOD				  DATA	      89
TMP_LOOP			  CODE	    00B3	 126
TR0				  BIT	      8C
TR1				  BIT	      8E
TXD				  BIT	      B1
WAIT_KEYRELEASE			  CODE	    0369	 582
WAIT_RESTART			  CODE	    023B	 390
WAIT_START			  CODE	    004E	  61
WAIT_TIMER			  CODE	    0385	 599
WR				  BIT	      B6
